2026-03-17T00:40:40.761-04:00  WARN 51399 --- [job-application-portal] [HikariPool-1:housekeeper] com.zaxxer.hikari.pool.PoolBase          : HikariPool-1 - Failed to validate connection oracle.jdbc.driver.T4CConnection@2ef5f1b5 (ORA-17008: Closed connection
https://docs.oracle.com/error-help/db/ora-17008/). Possibly consider using a shorter maxLifetime value.
2026-03-17T01:41:30.221-04:00  WARN 51399 --- [job-application-portal] [HikariPool-1:housekeeper] com.zaxxer.hikari.pool.HikariPool        : HikariPool-1 - Thread starvation or clock leap detected (housekeeper delta=2h2m1s600ms).
2026-03-17T01:57:34.521-04:00  WARN 51399 --- [job-application-portal] [HikariPool-1:housekeeper] com.zaxxer.hikari.pool.PoolBase          : HikariPool-1 - Failed to validate connection oracle.jdbc.driver.T4CConnection@36404e2f (ORA-17008: Closed connection
https://docs.oracle.com/error-help/db/ora-17008/). Possibly consider using a shorter maxLifetime value.
2026-03-17T03:26:16.959-04:00  WARN 51399 --- [job-application-portal] [HikariPool-1:housekeeper] com.zaxxer.hikari.pool.PoolBase          : HikariPool-1 - Failed to validate connection oracle.jdbc.driver.T4CConnection@72a62525 (ORA-17008: Closed connection
https://docs.oracle.com/error-help/db/ora-17008/). Possibly consider using a shorter maxLifetime value.
2026-03-17T03:26:21.962-04:00  WARN 51399 --- [job-application-portal] [HikariPool-1:housekeeper] com.zaxxer.hikari.pool.PoolBase          : HikariPool-1 - Failed to validate connection oracle.jdbc.driver.T4CConnection@6b596779 (ORA-17008: Closed connection
https://docs.oracle.com/error-help/db/ora-17008/). Possibly consider using a shorter maxLifetime value.
2026-03-17T03:44:39.297-04:00  WARN 51399 --- [job-application-portal] [HikariPool-1:housekeeper] com.zaxxer.hikari.pool.HikariPool        : HikariPool-1 - Thread starvation or clock leap detected (housekeeper delta=2h3m9s76ms).
2026-03-17T05:07:18.828-04:00  WARN 51399 --- [job-application-portal] [HikariPool-1:housekeeper] com.zaxxer.hikari.pool.HikariPool        : HikariPool-1 - Thread starvation or clock leap detected (housekeeper delta=1h22m39s531ms).
2026-03-17T05:33:58.512-04:00  WARN 51399 --- [job-application-portal] [HikariPool-1:housekeeper] com.zaxxer.hikari.pool.HikariPool        : HikariPool-1 - Thread starvation or clock leap detected (housekeeper delta=26m39s684ms).
2026-03-17T08:35:58.524-04:00  WARN 51399 --- [job-application-portal] [HikariPool-1:housekeeper] com.zaxxer.hikari.pool.HikariPool        : HikariPool-1 - Thread starvation or clock leap detected (housekeeper delta=3h2m11ms).
2026-03-17T10:56:25.274-04:00  WARN 51399 --- [job-application-portal] [HikariPool-1:housekeeper] com.zaxxer.hikari.pool.HikariPool        : HikariPool-1 - Thread starvation or clock leap detected (housekeeper delta=2h20m26s750ms).
2026-03-17T12:49:07.085-04:00  WARN 51399 --- [job-application-portal] [HikariPool-1:housekeeper] com.zaxxer.hikari.pool.HikariPool        : HikariPool-1 - Thread starvation or clock leap detected (housekeeper delta=1h44m26s868ms).
2026-03-17T14:52:39.729-04:00  WARN 51399 --- [job-application-portal] [HikariPool-1:housekeeper] com.zaxxer.hikari.pool.HikariPool        : HikariPool-1 - Thread starvation or clock leap detected (housekeeper delta=3m30s469ms).
2026-03-17T15:18:51.826-04:00  INFO 51399 --- [job-application-portal] [SpringApplicationShutdownHook] o.s.boot.tomcat.GracefulShutdown         : Commencing graceful shutdown. Waiting for active requests to complete
2026-03-17T15:18:51.856-04:00  INFO 51399 --- [job-application-portal] [tomcat-shutdown] o.s.boot.tomcat.GracefulShutdown         : Graceful shutdown complete
2026-03-17T15:18:51.871-04:00  INFO 51399 --- [job-application-portal] [SpringApplicationShutdownHook] j.LocalContainerEntityManagerFactoryBean : Closing JPA EntityManagerFactory for persistence unit 'default'
2026-03-17T15:18:51.890-04:00  INFO 51399 --- [job-application-portal] [SpringApplicationShutdownHook] com.zaxxer.hikari.HikariDataSource       : HikariPool-1 - Shutdown initiated...
